2014-02-07 11:16:23,191 DEBUG (JPM-BMNotifierScanMail) [eu.anasta.bm.notifier.mail.JavaPushMailAccount] - remove listener
2014-02-07 11:16:23,192 DEBUG (JPM-BMNotifierScanMail) [eu.anasta.bm.notifier.mail.JavaPushMailAccount] - open folder
2014-02-07 11:16:23,246 DEBUG (JPM-BMNotifierScanMail) [eu.anasta.bm.notifier.mail.JavaPushMailAccount] - remove listener
2014-02-07 11:16:23,246 DEBUG (JPM-BMNotifierScanMail) [eu.anasta.bm.notifier.mail.JavaPushMailAccount] - add listener
2014-02-07 11:16:23,246 DEBUG (JPM-BMNotifierScanMail) [eu.anasta.bm.notifier.mail.JavaPushMailAccount] - use push
2014-02-07 11:16:23,246 DEBUG (JPM-BMNotifierScanMail) [eu.anasta.bm.notifier.mail.JavaPushMailAccount] - stop periodic renew push
2014-02-07 11:16:23,246 DEBUG (JPM-BMNotifierScanMail) [eu.anasta.bm.notifier.mail.JavaPushMailAccount] - start periodic renew push
2014-02-07 11:16:23,968 DEBUG (Push-BMNotifierScanMail) [eu.anasta.bm.notifier.mail.JavaPushMailAccount] - start use push
2014-02-07 11:16:23,971 ERROR (Push-BMNotifierScanMail) [eu.anasta.bm.notifier.mail.JavaPushMailAccount] - java.lang.NullPointerException
2014-02-07 11:16:23,971 DEBUG (Push-BMNotifierScanMail) [eu.anasta.bm.notifier.mail.JavaPushMailAccount] - select folder 
2014-02-07 11:16:23,972 DEBUG (Push-BMNotifierScanMail) [eu.anasta.bm.notifier.mail.JavaPushMailAccount] - close folder
2014-02-07 11:16:23,972 DEBUG (Push-BMNotifierScanMail) [eu.anasta.bm.notifier.mail.JavaPushMailAccount] - stop periodic renew push
2014-02-07 11:16:23,973 DEBUG (Push-BMNotifierScanMail) [eu.anasta.bm.notifier.mail.JavaPushMailAccount] - remove listener
2014-02-07 11:16:23,973 DEBUG (Push-BMNotifierScanMail) [eu.anasta.bm.notifier.mail.JavaPushMailAccount] - open folder
2014-02-07 11:16:24,084 DEBUG (Push-BMNotifierScanMail) [eu.anasta.bm.notifier.mail.JavaPushMailAccount] - remove listener
2014-02-07 11:16:24,084 DEBUG (Push-BMNotifierScanMail) [eu.anasta.bm.notifier.mail.JavaPushMailAccount] - add listener
2014-02-07 11:16:24,084 DEBUG (Push-BMNotifierScanMail) [eu.anasta.bm.notifier.mail.JavaPushMailAccount] - use push
2014-02-07 11:16:24,085 DEBUG (Push-BMNotifierScanMail) [eu.anasta.bm.notifier.mail.JavaPushMailAccount] - stop periodic renew push
2014-02-07 11:16:24,085 DEBUG (Push-BMNotifierScanMail) [eu.anasta.bm.notifier.mail.JavaPushMailAccount] - start periodic renew push
2014-02-07 11:16:24,246 DEBUG (Push-BMNotifierScanMail) [eu.anasta.bm.notifier.mail.JavaPushMailAccount] - start use push
2014-02-07 11:16:25,086 DEBUG (Push-BMNotifierScanMail) [eu.anasta.bm.notifier.mail.JavaPushMailAccount] - start use push
2014-02-07 11:16:33,736 DEBUG (main) [eu.anasta.bm.notifier.ui.Application] - close connection
2014-02-07 11:16:33,736 DEBUG (main) [eu.anasta.bm.notifier.network.NetworkProber] - stop timer
2014-02-07 11:16:33,743 DEBUG (main) [eu.anasta.bm.notifier.ui.Application] - stop all planner
2014-02-07 11:16:33,759 DEBUG (close conection mail) [eu.anasta.bm.notifier.mail.JavaPushMailAccount] - close folder
2014-02-07 11:16:33,759 DEBUG (close conection mail) [eu.anasta.bm.notifier.mail.JavaPushMailAccount] - stop periodic renew push
2014-02-07 11:16:33,760 DEBUG (close conection mail) [eu.anasta.bm.notifier.mail.JavaPushMailAccount] - remove listener
2014-02-07 11:16:33,789 DEBUG (main) [eu.anasta.bm.notifier.ui.Application] - detroy tray
2014-02-07 11:16:33,789 DEBUG (main) [eu.anasta.bm.notifier.ui.Application] - close connection
2014-02-07 11:16:33,789 DEBUG (main) [eu.anasta.bm.notifier.ui.Application] - stop all planner
2014-02-07 11:16:33,793 DEBUG (close conection mail) [eu.anasta.bm.notifier.mail.JavaPushMailAccount] - close folder
2014-02-07 11:16:33,794 DEBUG (close conection mail) [eu.anasta.bm.notifier.mail.JavaPushMailAccount] - stop periodic renew push
2014-02-07 11:16:33,796 DEBUG (close conection mail) [eu.anasta.bm.notifier.mail.JavaPushMailAccount] - remove listener
2014-02-07 11:16:33,824 DEBUG (main) [eu.anasta.bm.notifier.ui.Application] - close application
2014-02-07 11:16:57,038 DEBUG (main) [eu.anasta.bm.notifier.ui.Application] - start application
2014-02-07 11:16:57,043 DEBUG (main) [eu.anasta.bm.notifier.ui.Application] - init application
2014-02-07 11:16:57,044 DEBUG (main) [eu.anasta.bm.notifier.ui.Application] - new display
2014-02-07 11:16:57,179 DEBUG (main) [eu.anasta.bm.notifier.ui.Application] - new shell
2014-02-07 11:16:57,201 DEBUG (main) [eu.anasta.bm.notifier.ui.Application] - build login
2014-02-07 11:16:57,291 DEBUG (main) [eu.anasta.bm.notifier.ui.Application] - build notification event
2014-02-07 11:16:57,316 DEBUG (main) [eu.anasta.bm.notifier.ui.Application] - end init application
2014-02-07 11:16:57,325 DEBUG (main) [eu.anasta.bm.notifier.ui.Application] - create BM tray icon
2014-02-07 11:16:57,438 DEBUG (main) [eu.anasta.bm.notifier.ui.Application] - Not allow multiple connection -> try disconnect before;
2014-02-07 11:16:57,438 DEBUG (main) [eu.anasta.bm.notifier.ui.Application] - close connection
2014-02-07 11:16:57,441 DEBUG (main) [eu.anasta.bm.notifier.login.ClientFormLogin] - instancie clientFomLoger
2014-02-07 11:16:57,441 DEBUG (main) [eu.anasta.bm.notifier.ui.Application] - stop all planner
2014-02-07 11:16:58,267 DEBUG (main) [eu.anasta.bm.notifier.ui.Application] - version BM: 2
2014-02-07 11:16:58,267 DEBUG (main) [eu.anasta.bm.notifier.ui.Application] - support xmpp : false
2014-02-07 11:16:58,270 DEBUG (main) [eu.anasta.bm.notifier.mail.JavaPushMailAccount] - build mail account
2014-02-07 11:16:58,371 DEBUG (main treath of networ poller for Network Prober) [eu.anasta.bm.notifier.network.NetworkProber] - start timer
2014-02-07 11:16:58,687 DEBUG (JPM-BMNotifierScanMail) [eu.anasta.bm.notifier.mail.JavaPushMailAccount] - select folder 
2014-02-07 11:16:58,687 DEBUG (JPM-BMNotifierScanMail) [eu.anasta.bm.notifier.mail.JavaPushMailAccount] - close folder
2014-02-07 11:16:58,688 DEBUG (JPM-BMNotifierScanMail) [eu.anasta.bm.notifier.mail.JavaPushMailAccount] - stop periodic renew push
2014-02-07 11:16:58,688 DEBUG (JPM-BMNotifierScanMail) [eu.anasta.bm.notifier.mail.JavaPushMailAccount] - remove listener
2014-02-07 11:16:58,715 DEBUG (JPM-BMNotifierScanMail) [eu.anasta.bm.notifier.mail.JavaPushMailAccount] - open folder
2014-02-07 11:16:58,813 DEBUG (JPM-BMNotifierScanMail) [eu.anasta.bm.notifier.mail.JavaPushMailAccount] - remove listener
2014-02-07 11:16:58,814 DEBUG (JPM-BMNotifierScanMail) [eu.anasta.bm.notifier.mail.JavaPushMailAccount] - add listener
2014-02-07 11:16:58,817 DEBUG (JPM-BMNotifierScanMail) [eu.anasta.bm.notifier.mail.JavaPushMailAccount] - use push
2014-02-07 11:16:58,817 DEBUG (JPM-BMNotifierScanMail) [eu.anasta.bm.notifier.mail.JavaPushMailAccount] - stop periodic renew push
2014-02-07 11:16:58,818 DEBUG (JPM-BMNotifierScanMail) [eu.anasta.bm.notifier.mail.JavaPushMailAccount] - start periodic renew push
2014-02-07 11:16:59,821 DEBUG (Push-BMNotifierScanMail) [eu.anasta.bm.notifier.mail.JavaPushMailAccount] - start use push
2014-02-07 11:17:02,127 DEBUG (qtp993312934-32) [eu.anasta.bm.notifier.login.ClientFormLogin] - Login form get: HTTP/1.1 200 OK
2014-02-07 11:17:02,291 DEBUG (qtp993312934-32) [eu.anasta.bm.notifier.login.ClientFormLogin] - Login form post: HTTP/1.1 200 OK
2014-02-07 11:17:02,292 DEBUG (qtp993312934-32) [eu.anasta.bm.notifier.login.ClientFormLogin] - bmhps : a7fb0444-92d2-40fd-ad09-d55427bad122
2014-02-07 11:22:01,906 DEBUG (qtp993312934-31) [eu.anasta.bm.notifier.login.ClientFormLogin] - Login form get: HTTP/1.1 200 OK
2014-02-07 11:22:01,907 DEBUG (qtp993312934-31) [eu.anasta.bm.notifier.login.ClientFormLogin] - find cookies BMHPS
2014-02-07 11:23:06,463 DEBUG (main) [eu.anasta.bm.notifier.ui.Application] - close connection
2014-02-07 11:23:06,463 DEBUG (main) [eu.anasta.bm.notifier.network.NetworkProber] - stop timer
2014-02-07 11:23:10,912 DEBUG (main) [eu.anasta.bm.notifier.ui.Application] - stop all planner
2014-02-07 11:23:22,873 DEBUG (close conection mail) [eu.anasta.bm.notifier.mail.JavaPushMailAccount] - close folder
2014-02-07 11:23:25,099 DEBUG (close conection mail) [eu.anasta.bm.notifier.mail.JavaPushMailAccount] - stop periodic renew push
2014-02-07 11:23:57,910 DEBUG (close conection mail) [eu.anasta.bm.notifier.mail.JavaPushMailAccount] - remove listener
2014-02-07 11:27:02,392 DEBUG (main) [eu.anasta.bm.notifier.ui.Application] - Not allow multiple connection -> try disconnect before;
2014-02-07 11:27:02,395 DEBUG (main) [eu.anasta.bm.notifier.ui.Application] - close connection
2014-02-07 11:27:09,938 DEBUG (main) [eu.anasta.bm.notifier.ui.Application] - stop all planner
2014-02-07 11:27:12,487 DEBUG (close conection mail) [eu.anasta.bm.notifier.mail.JavaPushMailAccount] - close folder
2014-02-07 11:27:15,140 DEBUG (close conection mail) [eu.anasta.bm.notifier.mail.JavaPushMailAccount] - stop periodic renew push
2014-02-07 11:27:15,142 DEBUG (close conection mail) [eu.anasta.bm.notifier.mail.JavaPushMailAccount] - remove listener
2014-02-07 11:27:41,407 DEBUG (main) [eu.anasta.bm.notifier.ui.Application] - version BM: 2
2014-02-07 11:27:41,408 DEBUG (main) [eu.anasta.bm.notifier.ui.Application] - support xmpp : false
2014-02-07 11:28:01,741 DEBUG (main) [eu.anasta.bm.notifier.mail.JavaPushMailAccount] - build mail account
2014-02-07 11:28:20,641 DEBUG (main treath of networ poller for Network Prober) [eu.anasta.bm.notifier.network.NetworkProber] - start timer
2014-02-07 11:28:20,644 DEBUG (Timer poller for Network Prober) [eu.anasta.bm.notifier.ui.Application] - Not allow multiple connection -> try disconnect before;
2014-02-07 11:28:20,644 DEBUG (Timer poller for Network Prober) [eu.anasta.bm.notifier.ui.Application] - close connection
2014-02-07 11:28:20,644 DEBUG (Timer poller for Network Prober) [eu.anasta.bm.notifier.network.NetworkProber] - stop timer
2014-02-07 11:28:54,108 DEBUG (Timer poller for Network Prober) [eu.anasta.bm.notifier.ui.Application] - stop all planner
2014-02-07 11:28:54,358 DEBUG (Timer poller for Network Prober) [eu.anasta.bm.notifier.ui.Application] - version BM: 2
2014-02-07 11:28:54,358 DEBUG (Timer poller for Network Prober) [eu.anasta.bm.notifier.ui.Application] - support xmpp : false
2014-02-07 11:28:56,453 DEBUG (JPM-BMNotifierScanMail) [eu.anasta.bm.notifier.mail.JavaPushMailAccount] - select folder 
2014-02-07 11:28:56,454 DEBUG (JPM-BMNotifierScanMail) [eu.anasta.bm.notifier.mail.JavaPushMailAccount] - close folder
2014-02-07 11:28:57,222 DEBUG (JPM-BMNotifierScanMail) [eu.anasta.bm.notifier.mail.JavaPushMailAccount] - stop periodic renew push
2014-02-07 11:28:57,222 DEBUG (JPM-BMNotifierScanMail) [eu.anasta.bm.notifier.mail.JavaPushMailAccount] - remove listener
2014-02-07 11:28:57,222 DEBUG (JPM-BMNotifierScanMail) [eu.anasta.bm.notifier.mail.JavaPushMailAccount] - open folder
2014-02-07 11:28:57,343 DEBUG (JPM-BMNotifierScanMail) [eu.anasta.bm.notifier.mail.JavaPushMailAccount] - remove listener
2014-02-07 11:28:57,343 DEBUG (JPM-BMNotifierScanMail) [eu.anasta.bm.notifier.mail.JavaPushMailAccount] - add listener
2014-02-07 11:28:57,343 DEBUG (JPM-BMNotifierScanMail) [eu.anasta.bm.notifier.mail.JavaPushMailAccount] - use push
2014-02-07 11:28:57,835 DEBUG (close conection mail) [eu.anasta.bm.notifier.mail.JavaPushMailAccount] - close folder
2014-02-07 11:28:58,423 DEBUG (close conection mail) [eu.anasta.bm.notifier.mail.JavaPushMailAccount] - stop periodic renew push
2014-02-07 11:28:58,424 DEBUG (close conection mail) [eu.anasta.bm.notifier.mail.JavaPushMailAccount] - remove listener
2014-02-07 11:28:59,176 DEBUG (Timer poller for Network Prober) [eu.anasta.bm.notifier.mail.JavaPushMailAccount] - build mail account
2014-02-07 11:28:59,194 DEBUG (main treath of networ poller for Network Prober) [eu.anasta.bm.notifier.network.NetworkProber] - start timer
2014-02-07 11:28:59,199 DEBUG (Timer poller for Network Prober) [eu.anasta.bm.notifier.ui.Application] - Not allow multiple connection -> try disconnect before;
2014-02-07 11:28:59,200 DEBUG (Timer poller for Network Prober) [eu.anasta.bm.notifier.ui.Application] - close connection
2014-02-07 11:28:59,200 DEBUG (Timer poller for Network Prober) [eu.anasta.bm.notifier.network.NetworkProber] - stop timer
2014-02-07 11:28:59,686 DEBUG (JPM-BMNotifierScanMail) [eu.anasta.bm.notifier.mail.JavaPushMailAccount] - stop periodic renew push
2014-02-07 11:29:00,239 DEBUG (JPM-BMNotifierScanMail) [eu.anasta.bm.notifier.mail.JavaPushMailAccount] - start periodic renew push
2014-02-07 11:29:00,761 DEBUG (Timer poller for Network Prober) [eu.anasta.bm.notifier.ui.Application] - stop all planner
2014-02-07 11:29:00,861 DEBUG (Timer poller for Network Prober) [eu.anasta.bm.notifier.ui.Application] - version BM: 2
2014-02-07 11:29:00,861 DEBUG (Timer poller for Network Prober) [eu.anasta.bm.notifier.ui.Application] - support xmpp : false
2014-02-07 11:29:01,262 DEBUG (JPM-BMNotifierScanMail) [eu.anasta.bm.notifier.mail.JavaPushMailAccount] - select folder 
2014-02-07 11:29:01,262 DEBUG (JPM-BMNotifierScanMail) [eu.anasta.bm.notifier.mail.JavaPushMailAccount] - close folder
2014-02-07 11:29:01,697 DEBUG (JPM-BMNotifierScanMail) [eu.anasta.bm.notifier.mail.JavaPushMailAccount] - stop periodic renew push
2014-02-07 11:29:01,698 DEBUG (JPM-BMNotifierScanMail) [eu.anasta.bm.notifier.mail.JavaPushMailAccount] - remove listener
2014-02-07 11:29:01,698 DEBUG (JPM-BMNotifierScanMail) [eu.anasta.bm.notifier.mail.JavaPushMailAccount] - open folder
2014-02-07 11:29:01,790 DEBUG (JPM-BMNotifierScanMail) [eu.anasta.bm.notifier.mail.JavaPushMailAccount] - remove listener
2014-02-07 11:29:01,790 DEBUG (JPM-BMNotifierScanMail) [eu.anasta.bm.notifier.mail.JavaPushMailAccount] - add listener
2014-02-07 11:29:01,790 DEBUG (JPM-BMNotifierScanMail) [eu.anasta.bm.notifier.mail.JavaPushMailAccount] - use push
2014-02-07 11:29:03,496 DEBUG (Timer poller for Network Prober) [eu.anasta.bm.notifier.mail.JavaPushMailAccount] - build mail account
2014-02-07 11:29:03,516 DEBUG (main treath of networ poller for Network Prober) [eu.anasta.bm.notifier.network.NetworkProber] - start timer
2014-02-07 11:29:03,860 DEBUG (close conection mail) [eu.anasta.bm.notifier.mail.JavaPushMailAccount] - close folder
2014-02-07 11:29:04,047 DEBUG (close conection mail) [eu.anasta.bm.notifier.mail.JavaPushMailAccount] - stop periodic renew push
2014-02-07 11:29:04,047 DEBUG (close conection mail) [eu.anasta.bm.notifier.mail.JavaPushMailAccount] - remove listener
2014-02-07 11:29:04,230 DEBUG (JPM-BMNotifierScanMail) [eu.anasta.bm.notifier.mail.JavaPushMailAccount] - stop periodic renew push
2014-02-07 11:29:04,404 DEBUG (JPM-BMNotifierScanMail) [eu.anasta.bm.notifier.mail.JavaPushMailAccount] - start periodic renew push
2014-02-07 11:29:04,586 DEBUG (JPM-BMNotifierScanMail) [eu.anasta.bm.notifier.mail.JavaPushMailAccount] - select folder 
2014-02-07 11:29:04,586 DEBUG (JPM-BMNotifierScanMail) [eu.anasta.bm.notifier.mail.JavaPushMailAccount] - close folder
2014-02-07 11:29:04,758 DEBUG (JPM-BMNotifierScanMail) [eu.anasta.bm.notifier.mail.JavaPushMailAccount] - stop periodic renew push
2014-02-07 11:29:04,758 DEBUG (JPM-BMNotifierScanMail) [eu.anasta.bm.notifier.mail.JavaPushMailAccount] - remove listener
2014-02-07 11:29:04,759 DEBUG (JPM-BMNotifierScanMail) [eu.anasta.bm.notifier.mail.JavaPushMailAccount] - open folder
2014-02-07 11:29:04,838 DEBUG (JPM-BMNotifierScanMail) [eu.anasta.bm.notifier.mail.JavaPushMailAccount] - remove listener
2014-02-07 11:29:04,838 DEBUG (JPM-BMNotifierScanMail) [eu.anasta.bm.notifier.mail.JavaPushMailAccount] - add listener
2014-02-07 11:29:04,838 DEBUG (JPM-BMNotifierScanMail) [eu.anasta.bm.notifier.mail.JavaPushMailAccount] - use push
2014-02-07 11:29:04,932 DEBUG (JPM-BMNotifierScanMail) [eu.anasta.bm.notifier.mail.JavaPushMailAccount] - stop periodic renew push
2014-02-07 11:29:05,113 DEBUG (JPM-BMNotifierScanMail) [eu.anasta.bm.notifier.mail.JavaPushMailAccount] - start periodic renew push
2014-02-07 11:29:06,939 DEBUG (Push-BMNotifierScanMail) [eu.anasta.bm.notifier.mail.JavaPushMailAccount] - start use push
2014-02-07 11:29:18,906 DEBUG (main) [eu.anasta.bm.notifier.ui.Application] - close connection
2014-02-07 11:29:18,907 DEBUG (main) [eu.anasta.bm.notifier.network.NetworkProber] - stop timer
2014-02-07 11:29:23,503 DEBUG (main) [eu.anasta.bm.notifier.ui.Application] - stop all planner
2014-02-07 11:29:23,506 DEBUG (close conection mail) [eu.anasta.bm.notifier.mail.JavaPushMailAccount] - close folder
2014-02-07 11:29:23,506 DEBUG (close conection mail) [eu.anasta.bm.notifier.mail.JavaPushMailAccount] - stop periodic renew push
2014-02-07 11:29:23,506 DEBUG (close conection mail) [eu.anasta.bm.notifier.mail.JavaPushMailAccount] - remove listener
2014-02-07 11:29:23,535 DEBUG (main) [eu.anasta.bm.notifier.ui.Application] - detroy tray
2014-02-07 11:29:23,535 DEBUG (main) [eu.anasta.bm.notifier.ui.Application] - close connection
2014-02-07 11:29:23,535 DEBUG (main) [eu.anasta.bm.notifier.ui.Application] - stop all planner
2014-02-07 11:29:23,536 DEBUG (close conection mail) [eu.anasta.bm.notifier.mail.JavaPushMailAccount] - close folder
2014-02-07 11:29:23,536 DEBUG (close conection mail) [eu.anasta.bm.notifier.mail.JavaPushMailAccount] - stop periodic renew push
2014-02-07 11:29:23,536 DEBUG (close conection mail) [eu.anasta.bm.notifier.mail.JavaPushMailAccount] - remove listener
2014-02-07 11:29:23,570 DEBUG (main) [eu.anasta.bm.notifier.ui.Application] - close application
2014-02-07 11:38:11,494 DEBUG (main) [eu.anasta.bm.notifier.ui.Application] - start application
2014-02-07 11:38:11,499 DEBUG (main) [eu.anasta.bm.notifier.ui.Application] - init application
2014-02-07 11:38:11,499 DEBUG (main) [eu.anasta.bm.notifier.ui.Application] - new display
2014-02-07 11:38:11,642 DEBUG (main) [eu.anasta.bm.notifier.ui.Application] - new shell
2014-02-07 11:38:11,663 DEBUG (main) [eu.anasta.bm.notifier.ui.Application] - build login
2014-02-07 11:38:11,723 DEBUG (main) [eu.anasta.bm.notifier.ui.Application] - build notification event
2014-02-07 11:38:11,744 DEBUG (main) [eu.anasta.bm.notifier.ui.Application] - end init application
2014-02-07 11:38:11,750 DEBUG (main) [eu.anasta.bm.notifier.ui.Application] - create BM tray icon
2014-02-07 11:38:11,860 DEBUG (main) [eu.anasta.bm.notifier.ui.Application] - Not allow multiple connection -> try disconnect before;
2014-02-07 11:38:11,861 DEBUG (main) [eu.anasta.bm.notifier.ui.Application] - close connection
2014-02-07 11:38:11,866 DEBUG (main) [eu.anasta.bm.notifier.login.ClientFormLogin] - instancie clientFomLoger
2014-02-07 11:38:11,866 DEBUG (main) [eu.anasta.bm.notifier.ui.Application] - stop all planner
2014-02-07 11:38:12,858 DEBUG (main) [eu.anasta.bm.notifier.ui.Application] - version BM: 2
2014-02-07 11:38:12,858 DEBUG (main) [eu.anasta.bm.notifier.ui.Application] - support xmpp : false
2014-02-07 11:38:12,862 DEBUG (main) [eu.anasta.bm.notifier.mail.JavaPushMailAccount] - build mail account
2014-02-07 11:38:12,950 DEBUG (main treath of networ poller for Network Prober) [eu.anasta.bm.notifier.network.NetworkProber] - start timer
2014-02-07 11:38:13,296 DEBUG (JPM-BMNotifierScanMail) [eu.anasta.bm.notifier.mail.JavaPushMailAccount] - select folder 
2014-02-07 11:38:13,296 DEBUG (JPM-BMNotifierScanMail) [eu.anasta.bm.notifier.mail.JavaPushMailAccount] - close folder
2014-02-07 11:38:13,296 DEBUG (JPM-BMNotifierScanMail) [eu.anasta.bm.notifier.mail.JavaPushMailAccount] - stop periodic renew push
2014-02-07 11:38:13,296 DEBUG (JPM-BMNotifierScanMail) [eu.anasta.bm.notifier.mail.JavaPushMailAccount] - remove listener
2014-02-07 11:38:13,324 DEBUG (JPM-BMNotifierScanMail) [eu.anasta.bm.notifier.mail.JavaPushMailAccount] - open folder
2014-02-07 11:38:13,417 DEBUG (JPM-BMNotifierScanMail) [eu.anasta.bm.notifier.mail.JavaPushMailAccount] - remove listener
2014-02-07 11:38:13,418 DEBUG (JPM-BMNotifierScanMail) [eu.anasta.bm.notifier.mail.JavaPushMailAccount] - add listener
2014-02-07 11:38:13,423 DEBUG (JPM-BMNotifierScanMail) [eu.anasta.bm.notifier.mail.JavaPushMailAccount] - use push
2014-02-07 11:38:13,424 DEBUG (JPM-BMNotifierScanMail) [eu.anasta.bm.notifier.mail.JavaPushMailAccount] - stop periodic renew push
2014-02-07 11:38:13,424 DEBUG (JPM-BMNotifierScanMail) [eu.anasta.bm.notifier.mail.JavaPushMailAccount] - start periodic renew push
2014-02-07 11:38:14,428 DEBUG (Push-BMNotifierScanMail) [eu.anasta.bm.notifier.mail.JavaPushMailAccount] - start use push
2014-02-07 11:38:27,530 DEBUG (main) [eu.anasta.bm.notifier.ui.Application] - close connection
2014-02-07 11:38:27,531 DEBUG (main) [eu.anasta.bm.notifier.network.NetworkProber] - stop timer
2014-02-07 11:38:27,586 DEBUG (main) [eu.anasta.bm.notifier.ui.Application] - stop all planner
2014-02-07 11:38:27,588 DEBUG (close conection mail) [eu.anasta.bm.notifier.mail.JavaPushMailAccount] - close folder
2014-02-07 11:38:27,588 DEBUG (close conection mail) [eu.anasta.bm.notifier.mail.JavaPushMailAccount] - stop periodic renew push
2014-02-07 11:38:27,588 DEBUG (close conection mail) [eu.anasta.bm.notifier.mail.JavaPushMailAccount] - remove listener
2014-02-07 11:38:40,580 DEBUG (main) [eu.anasta.bm.notifier.ui.Application] - Not allow multiple connection -> try disconnect before;
2014-02-07 11:38:40,581 DEBUG (main) [eu.anasta.bm.notifier.ui.Application] - close connection
2014-02-07 11:38:40,581 DEBUG (main) [eu.anasta.bm.notifier.ui.Application] - stop all planner
2014-02-07 11:38:40,584 DEBUG (close conection mail) [eu.anasta.bm.notifier.mail.JavaPushMailAccount] - close folder
2014-02-07 11:38:40,584 DEBUG (close conection mail) [eu.anasta.bm.notifier.mail.JavaPushMailAccount] - stop periodic renew push
2014-02-07 11:38:40,585 DEBUG (close conection mail) [eu.anasta.bm.notifier.mail.JavaPushMailAccount] - remove listener
2014-02-07 11:38:42,241 DEBUG (main) [eu.anasta.bm.notifier.ui.Application] - version BM: 2
2014-02-07 11:38:42,241 DEBUG (main) [eu.anasta.bm.notifier.ui.Application] - support xmpp : false
2014-02-07 11:38:42,241 DEBUG (main) [eu.anasta.bm.notifier.mail.JavaPushMailAccount] - build mail account
2014-02-07 11:38:42,244 DEBUG (main treath of networ poller for Network Prober) [eu.anasta.bm.notifier.network.NetworkProber] - start timer
2014-02-07 11:38:42,247 DEBUG (Timer poller for Network Prober) [eu.anasta.bm.notifier.ui.Application] - Not allow multiple connection -> try disconnect before;
2014-02-07 11:38:42,247 DEBUG (Timer poller for Network Prober) [eu.anasta.bm.notifier.ui.Application] - close connection
2014-02-07 11:38:42,248 DEBUG (Timer poller for Network Prober) [eu.anasta.bm.notifier.network.NetworkProber] - stop timer
2014-02-07 11:38:42,251 DEBUG (Timer poller for Network Prober) [eu.anasta.bm.notifier.ui.Application] - stop all planner
2014-02-07 11:38:42,253 DEBUG (close conection mail) [eu.anasta.bm.notifier.mail.JavaPushMailAccount] - close folder
2014-02-07 11:38:42,253 DEBUG (close conection mail) [eu.anasta.bm.notifier.mail.JavaPushMailAccount] - stop periodic renew push
2014-02-07 11:38:42,253 DEBUG (close conection mail) [eu.anasta.bm.notifier.mail.JavaPushMailAccount] - remove listener
2014-02-07 11:38:42,531 DEBUG (JPM-BMNotifierScanMail) [eu.anasta.bm.notifier.mail.JavaPushMailAccount] - select folder 
2014-02-07 11:38:42,532 DEBUG (JPM-BMNotifierScanMail) [eu.anasta.bm.notifier.mail.JavaPushMailAccount] - close folder
2014-02-07 11:38:42,532 DEBUG (JPM-BMNotifierScanMail) [eu.anasta.bm.notifier.mail.JavaPushMailAccount] - stop periodic renew push
2014-02-07 11:38:42,532 DEBUG (JPM-BMNotifierScanMail) [eu.anasta.bm.notifier.mail.JavaPushMailAccount] - remove listener
2014-02-07 11:38:42,554 DEBUG (JPM-BMNotifierScanMail) [eu.anasta.bm.notifier.mail.JavaPushMailAccount] - open folder
2014-02-07 11:38:42,563 DEBUG (Timer poller for Network Prober) [eu.anasta.bm.notifier.ui.Application] - version BM: 2
2014-02-07 11:38:42,564 DEBUG (Timer poller for Network Prober) [eu.anasta.bm.notifier.ui.Application] - support xmpp : false
2014-02-07 11:38:42,564 DEBUG (Timer poller for Network Prober) [eu.anasta.bm.notifier.mail.JavaPushMailAccount] - build mail account
2014-02-07 11:38:42,570 DEBUG (main treath of networ poller for Network Prober) [eu.anasta.bm.notifier.network.NetworkProber] - start timer
2014-02-07 11:38:42,622 DEBUG (JPM-BMNotifierScanMail) [eu.anasta.bm.notifier.mail.JavaPushMailAccount] - remove listener
2014-02-07 11:38:42,622 DEBUG (JPM-BMNotifierScanMail) [eu.anasta.bm.notifier.mail.JavaPushMailAccount] - add listener
2014-02-07 11:38:42,622 DEBUG (JPM-BMNotifierScanMail) [eu.anasta.bm.notifier.mail.JavaPushMailAccount] - use push
2014-02-07 11:38:42,622 DEBUG (JPM-BMNotifierScanMail) [eu.anasta.bm.notifier.mail.JavaPushMailAccount] - stop periodic renew push
2014-02-07 11:38:42,622 DEBUG (JPM-BMNotifierScanMail) [eu.anasta.bm.notifier.mail.JavaPushMailAccount] - start periodic renew push
2014-02-07 11:38:42,843 DEBUG (JPM-BMNotifierScanMail) [eu.anasta.bm.notifier.mail.JavaPushMailAccount] - select folder 
2014-02-07 11:38:42,843 DEBUG (JPM-BMNotifierScanMail) [eu.anasta.bm.notifier.mail.JavaPushMailAccount] - close folder
2014-02-07 11:38:42,843 DEBUG (JPM-BMNotifierScanMail) [eu.anasta.bm.notifier.mail.JavaPushMailAccount] - stop periodic renew push
2014-02-07 11:38:42,843 DEBUG (JPM-BMNotifierScanMail) [eu.anasta.bm.notifier.mail.JavaPushMailAccount] - remove listener
2014-02-07 11:38:42,844 DEBUG (JPM-BMNotifierScanMail) [eu.anasta.bm.notifier.mail.JavaPushMailAccount] - open folder
2014-02-07 11:38:42,930 DEBUG (JPM-BMNotifierScanMail) [eu.anasta.bm.notifier.mail.JavaPushMailAccount] - remove listener
2014-02-07 11:38:42,930 DEBUG (JPM-BMNotifierScanMail) [eu.anasta.bm.notifier.mail.JavaPushMailAccount] - add listener
2014-02-07 11:38:42,930 DEBUG (JPM-BMNotifierScanMail) [eu.anasta.bm.notifier.mail.JavaPushMailAccount] - use push
2014-02-07 11:38:42,931 DEBUG (JPM-BMNotifierScanMail) [eu.anasta.bm.notifier.mail.JavaPushMailAccount] - stop periodic renew push
2014-02-07 11:38:42,931 DEBUG (JPM-BMNotifierScanMail) [eu.anasta.bm.notifier.mail.JavaPushMailAccount] - start periodic renew push
2014-02-07 11:38:43,622 DEBUG (Push-BMNotifierScanMail) [eu.anasta.bm.notifier.mail.JavaPushMailAccount] - start use push
2014-02-07 11:38:43,932 DEBUG (Push-BMNotifierScanMail) [eu.anasta.bm.notifier.mail.JavaPushMailAccount] - start use push
2014-02-07 11:39:02,197 DEBUG (main) [eu.anasta.bm.notifier.ui.Application] - close connection
2014-02-07 11:39:02,198 DEBUG (main) [eu.anasta.bm.notifier.network.NetworkProber] - stop timer
2014-02-07 11:39:02,200 DEBUG (main) [eu.anasta.bm.notifier.ui.Application] - stop all planner
2014-02-07 11:39:02,214 DEBUG (close conection mail) [eu.anasta.bm.notifier.mail.JavaPushMailAccount] - close folder
2014-02-07 11:39:02,217 DEBUG (close conection mail) [eu.anasta.bm.notifier.mail.JavaPushMailAccount] - stop periodic renew push
2014-02-07 11:39:02,218 DEBUG (close conection mail) [eu.anasta.bm.notifier.mail.JavaPushMailAccount] - remove listener
2014-02-07 11:39:05,933 DEBUG (main) [eu.anasta.bm.notifier.ui.Application] - close connection
2014-02-07 11:39:05,933 DEBUG (main) [eu.anasta.bm.notifier.ui.Application] - stop all planner
2014-02-07 11:39:05,935 DEBUG (main) [eu.anasta.bm.notifier.ui.Application] - detroy tray
2014-02-07 11:39:05,940 DEBUG (main) [eu.anasta.bm.notifier.ui.Application] - close connection
2014-02-07 11:39:05,940 DEBUG (main) [eu.anasta.bm.notifier.ui.Application] - stop all planner
2014-02-07 11:39:05,947 DEBUG (close conection mail) [eu.anasta.bm.notifier.mail.JavaPushMailAccount] - close folder
2014-02-07 11:39:05,947 DEBUG (close conection mail) [eu.anasta.bm.notifier.mail.JavaPushMailAccount] - close folder
2014-02-07 11:39:05,947 DEBUG (close conection mail) [eu.anasta.bm.notifier.mail.JavaPushMailAccount] - stop periodic renew push
2014-02-07 11:39:05,947 DEBUG (close conection mail) [eu.anasta.bm.notifier.mail.JavaPushMailAccount] - remove listener
2014-02-07 11:39:05,947 DEBUG (close conection mail) [eu.anasta.bm.notifier.mail.JavaPushMailAccount] - stop periodic renew push
2014-02-07 11:39:05,948 DEBUG (close conection mail) [eu.anasta.bm.notifier.mail.JavaPushMailAccount] - remove listener
2014-02-07 11:39:06,003 DEBUG (main) [eu.anasta.bm.notifier.ui.Application] - close application
2014-02-07 11:58:51,539 DEBUG (main) [eu.anasta.bm.notifier.ui.Application] - start application
2014-02-07 11:58:51,545 DEBUG (main) [eu.anasta.bm.notifier.ui.Application] - init application
2014-02-07 11:58:51,545 DEBUG (main) [eu.anasta.bm.notifier.ui.Application] - new display
2014-02-07 11:58:51,675 DEBUG (main) [eu.anasta.bm.notifier.ui.Application] - new shell
2014-02-07 11:58:51,695 DEBUG (main) [eu.anasta.bm.notifier.ui.Application] - build login
2014-02-07 11:58:51,759 DEBUG (main) [eu.anasta.bm.notifier.ui.Application] - build notification event
2014-02-07 11:58:51,778 DEBUG (main) [eu.anasta.bm.notifier.ui.Application] - end init application
2014-02-07 11:58:51,785 DEBUG (main) [eu.anasta.bm.notifier.ui.Application] - create BM tray icon
2014-02-07 11:58:51,884 DEBUG (main) [eu.anasta.bm.notifier.ui.Application] - Not allow multiple connection -> try disconnect before;
2014-02-07 11:58:51,884 DEBUG (main) [eu.anasta.bm.notifier.ui.Application] - close connection
2014-02-07 11:58:51,884 DEBUG (main) [eu.anasta.bm.notifier.ui.Application] - [CONNECT] [OFF]
2014-02-07 11:58:51,890 DEBUG (main) [eu.anasta.bm.notifier.login.ClientFormLogin] - instancie clientFomLoger
2014-02-07 11:58:51,890 DEBUG (main) [eu.anasta.bm.notifier.ui.Application] - stop all planner
2014-02-07 11:59:01,182 DEBUG (main) [eu.anasta.bm.notifier.ui.Application] - Not allow multiple connection -> try disconnect before;
2014-02-07 11:59:01,183 DEBUG (main) [eu.anasta.bm.notifier.ui.Application] - close connection
2014-02-07 11:59:01,183 DEBUG (main) [eu.anasta.bm.notifier.ui.Application] - [CONNECT] [OFF]
2014-02-07 11:59:01,183 DEBUG (main) [eu.anasta.bm.notifier.ui.Application] - stop all planner
2014-02-07 11:59:04,339 DEBUG (main) [eu.anasta.bm.notifier.ui.Application] - version BM: 2
2014-02-07 11:59:04,339 DEBUG (main) [eu.anasta.bm.notifier.ui.Application] - support xmpp : false
2014-02-07 11:59:04,343 DEBUG (main) [eu.anasta.bm.notifier.mail.JavaPushMailAccount] - build mail account
2014-02-07 11:59:04,347 DEBUG (main) [eu.anasta.bm.notifier.ui.Application] - [CONNECT] [ON]
2014-02-07 11:59:04,374 DEBUG (main treath of networ poller for Network Prober) [eu.anasta.bm.notifier.network.NetworkProber] - start timer
2014-02-07 11:59:04,738 DEBUG (JPM-BMNotifierScanMail) [eu.anasta.bm.notifier.mail.JavaPushMailAccount] - select folder 
2014-02-07 11:59:04,738 DEBUG (JPM-BMNotifierScanMail) [eu.anasta.bm.notifier.mail.JavaPushMailAccount] - close folder
2014-02-07 11:59:04,739 DEBUG (JPM-BMNotifierScanMail) [eu.anasta.bm.notifier.mail.JavaPushMailAccount] - stop periodic renew push
2014-02-07 11:59:04,739 DEBUG (JPM-BMNotifierScanMail) [eu.anasta.bm.notifier.mail.JavaPushMailAccount] - remove listener
2014-02-07 11:59:04,772 DEBUG (JPM-BMNotifierScanMail) [eu.anasta.bm.notifier.mail.JavaPushMailAccount] - open folder
2014-02-07 11:59:04,838 DEBUG (JPM-BMNotifierScanMail) [eu.anasta.bm.notifier.mail.JavaPushMailAccount] - remove listener
2014-02-07 11:59:04,839 DEBUG (JPM-BMNotifierScanMail) [eu.anasta.bm.notifier.mail.JavaPushMailAccount] - add listener
2014-02-07 11:59:04,844 DEBUG (JPM-BMNotifierScanMail) [eu.anasta.bm.notifier.mail.JavaPushMailAccount] - use push
2014-02-07 11:59:04,845 DEBUG (JPM-BMNotifierScanMail) [eu.anasta.bm.notifier.mail.JavaPushMailAccount] - stop periodic renew push
2014-02-07 11:59:04,845 DEBUG (JPM-BMNotifierScanMail) [eu.anasta.bm.notifier.mail.JavaPushMailAccount] - start periodic renew push
2014-02-07 11:59:05,849 DEBUG (Push-BMNotifierScanMail) [eu.anasta.bm.notifier.mail.JavaPushMailAccount] - start use push
2014-02-07 11:59:48,965 DEBUG (main) [eu.anasta.bm.notifier.login.ClientFormLogin] - Login form get: HTTP/1.1 200 OK
2014-02-07 11:59:49,200 DEBUG (main) [eu.anasta.bm.notifier.login.ClientFormLogin] - Login form post: HTTP/1.1 200 OK
2014-02-07 11:59:49,200 DEBUG (main) [eu.anasta.bm.notifier.login.ClientFormLogin] - bmhps : 404d4654-885a-44f3-a065-e42beb7e1477
2014-02-07 11:59:55,360 DEBUG (main) [eu.anasta.bm.notifier.ui.Application] - close connection
2014-02-07 11:59:55,360 DEBUG (main) [eu.anasta.bm.notifier.network.NetworkProber] - stop timer
2014-02-07 11:59:55,360 DEBUG (main) [eu.anasta.bm.notifier.ui.Application] - [CONNECT] [OFF]
2014-02-07 11:59:55,361 DEBUG (main) [eu.anasta.bm.notifier.ui.Application] - stop all planner
2014-02-07 11:59:55,362 DEBUG (close conection mail) [eu.anasta.bm.notifier.mail.JavaPushMailAccount] - close folder
2014-02-07 11:59:55,362 DEBUG (close conection mail) [eu.anasta.bm.notifier.mail.JavaPushMailAccount] - stop periodic renew push
2014-02-07 11:59:55,363 DEBUG (close conection mail) [eu.anasta.bm.notifier.mail.JavaPushMailAccount] - remove listener
2014-02-07 12:00:20,662 DEBUG (main) [eu.anasta.bm.notifier.ui.Application] - Not allow multiple connection -> try disconnect before;
2014-02-07 12:00:20,662 DEBUG (main) [eu.anasta.bm.notifier.ui.Application] - close connection
2014-02-07 12:00:20,662 DEBUG (main) [eu.anasta.bm.notifier.ui.Application] - [CONNECT] [OFF]
2014-02-07 12:00:20,662 DEBUG (main) [eu.anasta.bm.notifier.ui.Application] - stop all planner
2014-02-07 12:00:20,677 DEBUG (close conection mail) [eu.anasta.bm.notifier.mail.JavaPushMailAccount] - close folder
2014-02-07 12:00:20,677 DEBUG (close conection mail) [eu.anasta.bm.notifier.mail.JavaPushMailAccount] - stop periodic renew push
2014-02-07 12:00:20,677 DEBUG (close conection mail) [eu.anasta.bm.notifier.mail.JavaPushMailAccount] - remove listener
2014-02-07 12:00:22,419 DEBUG (main) [eu.anasta.bm.notifier.ui.Application] - version BM: 2
2014-02-07 12:00:22,419 DEBUG (main) [eu.anasta.bm.notifier.ui.Application] - support xmpp : false
2014-02-07 12:00:22,419 DEBUG (main) [eu.anasta.bm.notifier.mail.JavaPushMailAccount] - build mail account
2014-02-07 12:00:22,420 DEBUG (main) [eu.anasta.bm.notifier.ui.Application] - [CONNECT] [ON]
2014-02-07 12:00:22,430 DEBUG (main treath of networ poller for Network Prober) [eu.anasta.bm.notifier.network.NetworkProber] - start timer
2014-02-07 12:00:22,441 DEBUG (Timer poller for Network Prober) [eu.anasta.bm.notifier.ui.Application] - Not allow multiple connection -> try disconnect before;
2014-02-07 12:00:22,441 DEBUG (Timer poller for Network Prober) [eu.anasta.bm.notifier.ui.Application] - close connection
2014-02-07 12:00:22,442 DEBUG (Timer poller for Network Prober) [eu.anasta.bm.notifier.network.NetworkProber] - stop timer
2014-02-07 12:00:22,442 DEBUG (Timer poller for Network Prober) [eu.anasta.bm.notifier.ui.Application] - [CONNECT] [OFF]
2014-02-07 12:00:22,448 DEBUG (Timer poller for Network Prober) [eu.anasta.bm.notifier.ui.Application] - stop all planner
2014-02-07 12:00:22,449 DEBUG (close conection mail) [eu.anasta.bm.notifier.mail.JavaPushMailAccount] - close folder
2014-02-07 12:00:22,449 DEBUG (close conection mail) [eu.anasta.bm.notifier.mail.JavaPushMailAccount] - stop periodic renew push
2014-02-07 12:00:22,449 DEBUG (close conection mail) [eu.anasta.bm.notifier.mail.JavaPushMailAccount] - remove listener
2014-02-07 12:00:22,749 DEBUG (JPM-BMNotifierScanMail) [eu.anasta.bm.notifier.mail.JavaPushMailAccount] - select folder 
2014-02-07 12:00:22,752 DEBUG (JPM-BMNotifierScanMail) [eu.anasta.bm.notifier.mail.JavaPushMailAccount] - close folder
2014-02-07 12:00:22,752 DEBUG (JPM-BMNotifierScanMail) [eu.anasta.bm.notifier.mail.JavaPushMailAccount] - stop periodic renew push
2014-02-07 12:00:22,753 DEBUG (JPM-BMNotifierScanMail) [eu.anasta.bm.notifier.mail.JavaPushMailAccount] - remove listener
2014-02-07 12:00:22,757 DEBUG (Timer poller for Network Prober) [eu.anasta.bm.notifier.ui.Application] - version BM: 2
2014-02-07 12:00:22,758 DEBUG (Timer poller for Network Prober) [eu.anasta.bm.notifier.ui.Application] - support xmpp : false
2014-02-07 12:00:22,758 DEBUG (Timer poller for Network Prober) [eu.anasta.bm.notifier.mail.JavaPushMailAccount] - build mail account
2014-02-07 12:00:22,759 DEBUG (Timer poller for Network Prober) [eu.anasta.bm.notifier.ui.Application] - [CONNECT] [ON]
2014-02-07 12:00:22,764 DEBUG (main treath of networ poller for Network Prober) [eu.anasta.bm.notifier.network.NetworkProber] - start timer
2014-02-07 12:00:22,773 DEBUG (JPM-BMNotifierScanMail) [eu.anasta.bm.notifier.mail.JavaPushMailAccount] - open folder
2014-02-07 12:00:22,871 DEBUG (JPM-BMNotifierScanMail) [eu.anasta.bm.notifier.mail.JavaPushMailAccount] - remove listener
2014-02-07 12:00:22,871 DEBUG (JPM-BMNotifierScanMail) [eu.anasta.bm.notifier.mail.JavaPushMailAccount] - add listener
2014-02-07 12:00:22,871 DEBUG (JPM-BMNotifierScanMail) [eu.anasta.bm.notifier.mail.JavaPushMailAccount] - use push
2014-02-07 12:00:22,872 DEBUG (JPM-BMNotifierScanMail) [eu.anasta.bm.notifier.mail.JavaPushMailAccount] - stop periodic renew push
2014-02-07 12:00:22,872 DEBUG (JPM-BMNotifierScanMail) [eu.anasta.bm.notifier.mail.JavaPushMailAccount] - start periodic renew push
2014-02-07 12:00:23,024 DEBUG (JPM-BMNotifierScanMail) [eu.anasta.bm.notifier.mail.JavaPushMailAccount] - select folder 
2014-02-07 12:00:23,024 DEBUG (JPM-BMNotifierScanMail) [eu.anasta.bm.notifier.mail.JavaPushMailAccount] - close folder
2014-02-07 12:00:23,025 DEBUG (JPM-BMNotifierScanMail) [eu.anasta.bm.notifier.mail.JavaPushMailAccount] - stop periodic renew push
2014-02-07 12:00:23,025 DEBUG (JPM-BMNotifierScanMail) [eu.anasta.bm.notifier.mail.JavaPushMailAccount] - remove listener
2014-02-07 12:00:23,025 DEBUG (JPM-BMNotifierScanMail) [eu.anasta.bm.notifier.mail.JavaPushMailAccount] - open folder
2014-02-07 12:00:23,154 DEBUG (JPM-BMNotifierScanMail) [eu.anasta.bm.notifier.mail.JavaPushMailAccount] - remove listener
2014-02-07 12:00:23,154 DEBUG (JPM-BMNotifierScanMail) [eu.anasta.bm.notifier.mail.JavaPushMailAccount] - add listener
2014-02-07 12:00:23,154 DEBUG (JPM-BMNotifierScanMail) [eu.anasta.bm.notifier.mail.JavaPushMailAccount] - use push
2014-02-07 12:00:23,155 DEBUG (JPM-BMNotifierScanMail) [eu.anasta.bm.notifier.mail.JavaPushMailAccount] - stop periodic renew push
2014-02-07 12:00:23,155 DEBUG (JPM-BMNotifierScanMail) [eu.anasta.bm.notifier.mail.JavaPushMailAccount] - start periodic renew push
2014-02-07 12:00:23,873 DEBUG (Push-BMNotifierScanMail) [eu.anasta.bm.notifier.mail.JavaPushMailAccount] - start use push
2014-02-07 12:00:24,157 DEBUG (Push-BMNotifierScanMail) [eu.anasta.bm.notifier.mail.JavaPushMailAccount] - start use push
2014-02-07 12:03:40,077 DEBUG (main) [eu.anasta.bm.notifier.ui.Application] - start application
2014-02-07 12:03:40,082 DEBUG (main) [eu.anasta.bm.notifier.ui.Application] - init application
2014-02-07 12:03:40,082 DEBUG (main) [eu.anasta.bm.notifier.ui.Application] - new display
2014-02-07 12:03:40,222 DEBUG (main) [eu.anasta.bm.notifier.ui.Application] - new shell
2014-02-07 12:03:40,243 DEBUG (main) [eu.anasta.bm.notifier.ui.Application] - build login
2014-02-07 12:03:40,310 DEBUG (main) [eu.anasta.bm.notifier.ui.Application] - build notification event
2014-02-07 12:03:40,335 DEBUG (main) [eu.anasta.bm.notifier.ui.Application] - end init application
2014-02-07 12:03:40,343 DEBUG (main) [eu.anasta.bm.notifier.ui.Application] - create BM tray icon
2014-02-07 12:03:40,450 DEBUG (main) [eu.anasta.bm.notifier.ui.Application] - Not allow multiple connection -> try disconnect before;
2014-02-07 12:03:40,450 DEBUG (main) [eu.anasta.bm.notifier.ui.Application] - close connection
2014-02-07 12:03:40,450 DEBUG (main) [eu.anasta.bm.notifier.ui.Application] - [CONNECT] [OFF]
2014-02-07 12:03:40,455 DEBUG (main) [eu.anasta.bm.notifier.login.ClientFormLogin] - instancie clientFomLoger
2014-02-07 12:03:40,455 DEBUG (main) [eu.anasta.bm.notifier.ui.Application] - stop all planner
2014-02-07 12:03:41,328 DEBUG (main) [eu.anasta.bm.notifier.ui.Application] - version BM: 2
2014-02-07 12:03:41,328 DEBUG (main) [eu.anasta.bm.notifier.ui.Application] - support xmpp : false
2014-02-07 12:03:41,331 DEBUG (main) [eu.anasta.bm.notifier.mail.JavaPushMailAccount] - build mail account
2014-02-07 12:03:41,334 DEBUG (main) [eu.anasta.bm.notifier.ui.Application] - [CONNECT] [ON]
2014-02-07 12:03:41,370 DEBUG (main treath of networ poller for Network Prober) [eu.anasta.bm.notifier.network.NetworkProber] - start timer
2014-02-07 12:03:41,705 DEBUG (JPM-BMNotifierScanMail) [eu.anasta.bm.notifier.mail.JavaPushMailAccount] - select folder 
2014-02-07 12:03:41,706 DEBUG (JPM-BMNotifierScanMail) [eu.anasta.bm.notifier.mail.JavaPushMailAccount] - close folder
2014-02-07 12:03:41,706 DEBUG (JPM-BMNotifierScanMail) [eu.anasta.bm.notifier.mail.JavaPushMailAccount] - stop periodic renew push
2014-02-07 12:03:41,706 DEBUG (JPM-BMNotifierScanMail) [eu.anasta.bm.notifier.mail.JavaPushMailAccount] - remove listener
2014-02-07 12:03:41,735 DEBUG (JPM-BMNotifierScanMail) [eu.anasta.bm.notifier.mail.JavaPushMailAccount] - open folder
2014-02-07 12:03:41,816 DEBUG (JPM-BMNotifierScanMail) [eu.anasta.bm.notifier.mail.JavaPushMailAccount] - remove listener
2014-02-07 12:03:41,817 DEBUG (JPM-BMNotifierScanMail) [eu.anasta.bm.notifier.mail.JavaPushMailAccount] - add listener
2014-02-07 12:03:41,821 DEBUG (JPM-BMNotifierScanMail) [eu.anasta.bm.notifier.mail.JavaPushMailAccount] - use push
2014-02-07 12:03:41,821 DEBUG (JPM-BMNotifierScanMail) [eu.anasta.bm.notifier.mail.JavaPushMailAccount] - stop periodic renew push
2014-02-07 12:03:41,822 DEBUG (JPM-BMNotifierScanMail) [eu.anasta.bm.notifier.mail.JavaPushMailAccount] - start periodic renew push
2014-02-07 12:03:42,825 DEBUG (Push-BMNotifierScanMail) [eu.anasta.bm.notifier.mail.JavaPushMailAccount] - start use push
2014-02-07 12:03:51,863 DEBUG (main) [eu.anasta.bm.notifier.ui.Application] - close connection
2014-02-07 12:03:51,863 DEBUG (main) [eu.anasta.bm.notifier.network.NetworkProber] - stop timer
2014-02-07 12:03:51,863 DEBUG (main) [eu.anasta.bm.notifier.ui.Application] - [CONNECT] [OFF]
2014-02-07 12:03:51,914 DEBUG (main) [eu.anasta.bm.notifier.ui.Application] - stop all planner
2014-02-07 12:03:51,918 DEBUG (close conection mail) [eu.anasta.bm.notifier.mail.JavaPushMailAccount] - close folder
2014-02-07 12:03:51,918 DEBUG (close conection mail) [eu.anasta.bm.notifier.mail.JavaPushMailAccount] - stop periodic renew push
2014-02-07 12:03:51,918 DEBUG (close conection mail) [eu.anasta.bm.notifier.mail.JavaPushMailAccount] - remove listener
2014-02-07 12:04:02,680 DEBUG (main) [eu.anasta.bm.notifier.ui.Application] - Not allow multiple connection -> try disconnect before;
2014-02-07 12:04:02,681 DEBUG (main) [eu.anasta.bm.notifier.ui.Application] - close connection
2014-02-07 12:04:02,681 DEBUG (main) [eu.anasta.bm.notifier.ui.Application] - [CONNECT] [OFF]
2014-02-07 12:04:02,681 DEBUG (main) [eu.anasta.bm.notifier.ui.Application] - stop all planner
2014-02-07 12:04:02,682 DEBUG (close conection mail) [eu.anasta.bm.notifier.mail.JavaPushMailAccount] - close folder
2014-02-07 12:04:02,682 DEBUG (close conection mail) [eu.anasta.bm.notifier.mail.JavaPushMailAccount] - stop periodic renew push
2014-02-07 12:04:02,683 DEBUG (close conection mail) [eu.anasta.bm.notifier.mail.JavaPushMailAccount] - remove listener
2014-02-07 12:04:04,559 DEBUG (main) [eu.anasta.bm.notifier.ui.Application] - version BM: 2
2014-02-07 12:04:04,559 DEBUG (main) [eu.anasta.bm.notifier.ui.Application] - support xmpp : false
2014-02-07 12:04:04,560 DEBUG (main) [eu.anasta.bm.notifier.mail.JavaPushMailAccount] - build mail account
2014-02-07 12:04:04,561 DEBUG (main) [eu.anasta.bm.notifier.ui.Application] - [CONNECT] [ON]
2014-02-07 12:04:04,584 DEBUG (main treath of networ poller for Network Prober) [eu.anasta.bm.notifier.network.NetworkProber] - start timer
2014-02-07 12:04:04,841 DEBUG (JPM-BMNotifierScanMail) [eu.anasta.bm.notifier.mail.JavaPushMailAccount] - select folder 
2014-02-07 12:04:04,841 DEBUG (JPM-BMNotifierScanMail) [eu.anasta.bm.notifier.mail.JavaPushMailAccount] - close folder
2014-02-07 12:04:04,842 DEBUG (JPM-BMNotifierScanMail) [eu.anasta.bm.notifier.mail.JavaPushMailAccount] - stop periodic renew push
2014-02-07 12:04:04,842 DEBUG (JPM-BMNotifierScanMail) [eu.anasta.bm.notifier.mail.JavaPushMailAccount] - remove listener
2014-02-07 12:04:04,842 DEBUG (JPM-BMNotifierScanMail) [eu.anasta.bm.notifier.mail.JavaPushMailAccount] - open folder
2014-02-07 12:04:04,927 DEBUG (JPM-BMNotifierScanMail) [eu.anasta.bm.notifier.mail.JavaPushMailAccount] - remove listener
2014-02-07 12:04:04,927 DEBUG (JPM-BMNotifierScanMail) [eu.anasta.bm.notifier.mail.JavaPushMailAccount] - add listener
2014-02-07 12:04:04,927 DEBUG (JPM-BMNotifierScanMail) [eu.anasta.bm.notifier.mail.JavaPushMailAccount] - use push
2014-02-07 12:04:04,928 DEBUG (JPM-BMNotifierScanMail) [eu.anasta.bm.notifier.mail.JavaPushMailAccount] - stop periodic renew push
2014-02-07 12:04:04,928 DEBUG (JPM-BMNotifierScanMail) [eu.anasta.bm.notifier.mail.JavaPushMailAccount] - start periodic renew push
2014-02-07 12:04:05,930 DEBUG (Push-BMNotifierScanMail) [eu.anasta.bm.notifier.mail.JavaPushMailAccount] - start use push
2014-02-07 12:04:17,140 DEBUG (JavaMail-EventQueue) [eu.anasta.bm.notifier.login.ClientFormLogin] - Login form get: HTTP/1.1 200 OK
2014-02-07 12:04:17,299 DEBUG (JavaMail-EventQueue) [eu.anasta.bm.notifier.login.ClientFormLogin] - Login form post: HTTP/1.1 200 OK
2014-02-07 12:04:17,300 DEBUG (JavaMail-EventQueue) [eu.anasta.bm.notifier.login.ClientFormLogin] - bmhps : f25eaa93-8b15-4440-9984-bfde665cd133
2014-02-07 12:04:18,855 DEBUG (Push-BMNotifierScanMail) [eu.anasta.bm.notifier.mail.JavaPushMailAccount] - start use push
2014-02-07 12:04:28,965 DEBUG (JavaMail-EventQueue) [eu.anasta.bm.notifier.mail.app.JavaPushMailNotifier] - one message change check unread mail
2014-02-07 12:04:29,270 DEBUG (Push-BMNotifierScanMail) [eu.anasta.bm.notifier.mail.JavaPushMailAccount] - start use push
2014-02-07 12:04:29,271 DEBUG (Push-BMNotifierScanMail) [eu.anasta.bm.notifier.mail.JavaPushMailAccount] - start use push
2014-02-07 12:04:38,941 DEBUG (JavaMail-EventQueue) [eu.anasta.bm.notifier.login.ClientFormLogin] - Login form get: HTTP/1.1 200 OK
2014-02-07 12:04:38,941 DEBUG (JavaMail-EventQueue) [eu.anasta.bm.notifier.login.ClientFormLogin] - find cookies BMHPS
2014-02-07 12:04:42,368 DEBUG (Push-BMNotifierScanMail) [eu.anasta.bm.notifier.mail.JavaPushMailAccount] - start use push
2014-02-07 12:04:44,348 DEBUG (main) [eu.anasta.bm.notifier.ui.Application] - close connection
2014-02-07 12:04:44,348 DEBUG (main) [eu.anasta.bm.notifier.network.NetworkProber] - stop timer
2014-02-07 12:04:44,349 DEBUG (main) [eu.anasta.bm.notifier.ui.Application] - [CONNECT] [OFF]
2014-02-07 12:04:44,352 DEBUG (main) [eu.anasta.bm.notifier.ui.Application] - stop all planner
2014-02-07 12:04:44,370 DEBUG (close conection mail) [eu.anasta.bm.notifier.mail.JavaPushMailAccount] - close folder
2014-02-07 12:04:44,370 DEBUG (close conection mail) [eu.anasta.bm.notifier.mail.JavaPushMailAccount] - stop periodic renew push
2014-02-07 12:04:44,371 DEBUG (close conection mail) [eu.anasta.bm.notifier.mail.JavaPushMailAccount] - remove listener
2014-02-07 12:04:53,439 DEBUG (main) [eu.anasta.bm.notifier.ui.Application] - Not allow multiple connection -> try disconnect before;
2014-02-07 12:04:53,439 DEBUG (main) [eu.anasta.bm.notifier.ui.Application] - close connection
2014-02-07 12:04:53,439 DEBUG (main) [eu.anasta.bm.notifier.ui.Application] - [CONNECT] [OFF]
2014-02-07 12:04:53,440 DEBUG (main) [eu.anasta.bm.notifier.ui.Application] - stop all planner
2014-02-07 12:04:53,445 DEBUG (close conection mail) [eu.anasta.bm.notifier.mail.JavaPushMailAccount] - close folder
2014-02-07 12:04:53,445 DEBUG (close conection mail) [eu.anasta.bm.notifier.mail.JavaPushMailAccount] - stop periodic renew push
2014-02-07 12:04:53,445 DEBUG (close conection mail) [eu.anasta.bm.notifier.mail.JavaPushMailAccount] - remove listener
2014-02-07 12:04:54,955 DEBUG (main) [eu.anasta.bm.notifier.ui.Application] - version BM: 2
2014-02-07 12:04:54,956 DEBUG (main) [eu.anasta.bm.notifier.ui.Application] - support xmpp : false
2014-02-07 12:04:54,956 DEBUG (main) [eu.anasta.bm.notifier.mail.JavaPushMailAccount] - build mail account
2014-02-07 12:04:54,957 DEBUG (main) [eu.anasta.bm.notifier.ui.Application] - [CONNECT] [ON]
2014-02-07 12:04:54,969 DEBUG (main treath of networ poller for Network Prober) [eu.anasta.bm.notifier.network.NetworkProber] - start timer
2014-02-07 12:04:55,242 DEBUG (JPM-BMNotifierScanMail) [eu.anasta.bm.notifier.mail.JavaPushMailAccount] - select folder 
2014-02-07 12:04:55,242 DEBUG (JPM-BMNotifierScanMail) [eu.anasta.bm.notifier.mail.JavaPushMailAccount] - close folder
2014-02-07 12:04:55,242 DEBUG (JPM-BMNotifierScanMail) [eu.anasta.bm.notifier.mail.JavaPushMailAccount] - stop periodic renew push
2014-02-07 12:04:55,242 DEBUG (JPM-BMNotifierScanMail) [eu.anasta.bm.notifier.mail.JavaPushMailAccount] - remove listener
2014-02-07 12:04:55,242 DEBUG (JPM-BMNotifierScanMail) [eu.anasta.bm.notifier.mail.JavaPushMailAccount] - open folder
2014-02-07 12:04:55,299 DEBUG (JPM-BMNotifierScanMail) [eu.anasta.bm.notifier.mail.JavaPushMailAccount] - remove listener
2014-02-07 12:04:55,300 DEBUG (JPM-BMNotifierScanMail) [eu.anasta.bm.notifier.mail.JavaPushMailAccount] - add listener
2014-02-07 12:04:55,300 DEBUG (JPM-BMNotifierScanMail) [eu.anasta.bm.notifier.mail.JavaPushMailAccount] - use push
2014-02-07 12:04:55,300 DEBUG (JPM-BMNotifierScanMail) [eu.anasta.bm.notifier.mail.JavaPushMailAccount] - stop periodic renew push
2014-02-07 12:04:55,300 DEBUG (JPM-BMNotifierScanMail) [eu.anasta.bm.notifier.mail.JavaPushMailAccount] - start periodic renew push
2014-02-07 12:04:56,301 DEBUG (Push-BMNotifierScanMail) [eu.anasta.bm.notifier.mail.JavaPushMailAccount] - start use push
2014-02-07 12:05:01,961 DEBUG (qtp575183938-28) [eu.anasta.bm.notifier.login.ClientFormLogin] - Login form get: HTTP/1.1 200 OK
2014-02-07 12:05:02,116 DEBUG (qtp575183938-28) [eu.anasta.bm.notifier.login.ClientFormLogin] - Login form post: HTTP/1.1 200 OK
2014-02-07 12:05:02,116 DEBUG (qtp575183938-28) [eu.anasta.bm.notifier.login.ClientFormLogin] - bmhps : 6cbfd247-0100-4753-8464-4affa668e940
2014-02-07 12:05:13,921 DEBUG (JavaMail-EventQueue) [eu.anasta.bm.notifier.login.ClientFormLogin] - Login form get: HTTP/1.1 200 OK
2014-02-07 12:05:13,922 DEBUG (JavaMail-EventQueue) [eu.anasta.bm.notifier.login.ClientFormLogin] - find cookies BMHPS
2014-02-07 12:05:15,405 DEBUG (Push-BMNotifierScanMail) [eu.anasta.bm.notifier.mail.JavaPushMailAccount] - start use push
2014-02-07 12:05:22,581 DEBUG (JavaMail-EventQueue) [eu.anasta.bm.notifier.mail.app.JavaPushMailNotifier] - one message change check unread mail
2014-02-07 12:05:23,501 DEBUG (JavaMail-EventQueue) [eu.anasta.bm.notifier.mail.app.JavaPushMailNotifier] - one message change check unread mail
2014-02-07 12:05:23,502 DEBUG (Push-BMNotifierScanMail) [eu.anasta.bm.notifier.mail.JavaPushMailAccount] - start use push
2014-02-07 12:05:23,575 DEBUG (Push-BMNotifierScanMail) [eu.anasta.bm.notifier.mail.JavaPushMailAccount] - start use push
2014-02-07 12:05:23,575 DEBUG (Push-BMNotifierScanMail) [eu.anasta.bm.notifier.mail.JavaPushMailAccount] - start use push
2014-02-07 12:05:23,576 DEBUG (Push-BMNotifierScanMail) [eu.anasta.bm.notifier.mail.JavaPushMailAccount] - start use push
2014-02-07 12:05:45,680 DEBUG (main) [eu.anasta.bm.notifier.ui.Application] - close connection
2014-02-07 12:05:45,680 DEBUG (main) [eu.anasta.bm.notifier.network.NetworkProber] - stop timer
2014-02-07 12:05:45,680 DEBUG (main) [eu.anasta.bm.notifier.ui.Application] - [CONNECT] [OFF]
2014-02-07 12:05:45,682 DEBUG (main) [eu.anasta.bm.notifier.ui.Application] - stop all planner
2014-02-07 12:05:45,692 DEBUG (close conection mail) [eu.anasta.bm.notifier.mail.JavaPushMailAccount] - close folder
2014-02-07 12:05:45,693 DEBUG (close conection mail) [eu.anasta.bm.notifier.mail.JavaPushMailAccount] - stop periodic renew push
2014-02-07 12:05:45,693 DEBUG (close conection mail) [eu.anasta.bm.notifier.mail.JavaPushMailAccount] - remove listener
2014-02-07 12:05:45,724 DEBUG (main) [eu.anasta.bm.notifier.ui.Application] - detroy tray
2014-02-07 12:05:45,724 DEBUG (main) [eu.anasta.bm.notifier.ui.Application] - close connection
2014-02-07 12:05:45,724 DEBUG (main) [eu.anasta.bm.notifier.ui.Application] - [CONNECT] [OFF]
2014-02-07 12:05:45,724 DEBUG (main) [eu.anasta.bm.notifier.ui.Application] - stop all planner
2014-02-07 12:05:45,726 DEBUG (close conection mail) [eu.anasta.bm.notifier.mail.JavaPushMailAccount] - close folder
2014-02-07 12:05:45,726 DEBUG (close conection mail) [eu.anasta.bm.notifier.mail.JavaPushMailAccount] - stop periodic renew push
2014-02-07 12:05:45,727 DEBUG (close conection mail) [eu.anasta.bm.notifier.mail.JavaPushMailAccount] - remove listener
2014-02-07 12:05:45,754 DEBUG (main) [eu.anasta.bm.notifier.ui.Application] - close application
2014-02-07 12:05:45,852 ERROR (close conection mail) [eu.anasta.bm.notifier.mail.JavaPushMailAccount] - java.lang.IllegalStateException: This operation is not allowed on a closed folder
2014-02-07 12:05:45,854 ERROR (close conection mail) [eu.anasta.bm.notifier.ui.Application] - [ERROR] on mail manager -> disconnect 
java.lang.IllegalStateException: This operation is not allowed on a closed folder
	at com.sun.mail.imap.IMAPFolder.close(IMAPFolder.java:1074)
	at com.sun.mail.imap.IMAPFolder.close(IMAPFolder.java:1050)
	at eu.anasta.bm.notifier.mail.JavaPushMailAccount.closeFolder(JavaPushMailAccount.java:220)
	at eu.anasta.bm.notifier.mail.JavaPushMailAccount.access$0(JavaPushMailAccount.java:214)
	at eu.anasta.bm.notifier.mail.JavaPushMailAccount$1.run(JavaPushMailAccount.java:115)
	at java.lang.Thread.run(Thread.java:662)
